d:\pietro\blender\projects\uni\informatica grafica\progetto\opengl\simpleopengltexturedloader\simpleopengltexturedloader\simpleopengltexturedloader\debug\vc142.pdb
d:\pietro\blender\projects\uni\informatica grafica\progetto\opengl\simpleopengltexturedloader\simpleopengltexturedloader\simpleopengltexturedloader\debug\vc142.idb
d:\pietro\blender\projects\uni\informatica grafica\progetto\opengl\simpleopengltexturedloader\simpleopengltexturedloader\simpleopengltexturedloader\debug\cubemodel.obj
d:\pietro\blender\projects\uni\informatica grafica\progetto\opengl\simpleopengltexturedloader\simpleopengltexturedloader\simpleopengltexturedloader\debug\fairymodel.obj
d:\pietro\blender\projects\uni\informatica grafica\progetto\opengl\simpleopengltexturedloader\simpleopengltexturedloader\simpleopengltexturedloader\debug\gamelogic.obj
d:\pietro\blender\projects\uni\informatica grafica\progetto\opengl\simpleopengltexturedloader\simpleopengltexturedloader\simpleopengltexturedloader\debug\gameobject.obj
d:\pietro\blender\projects\uni\informatica grafica\progetto\opengl\simpleopengltexturedloader\simpleopengltexturedloader\simpleopengltexturedloader\debug\gamestate.obj
d:\pietro\blender\projects\uni\informatica grafica\progetto\opengl\simpleopengltexturedloader\simpleopengltexturedloader\simpleopengltexturedloader\debug\glutils.obj
d:\pietro\blender\projects\uni\informatica grafica\progetto\opengl\simpleopengltexturedloader\simpleopengltexturedloader\simpleopengltexturedloader\debug\playingstate.obj
d:\pietro\blender\projects\uni\informatica grafica\progetto\opengl\simpleopengltexturedloader\simpleopengltexturedloader\simpleopengltexturedloader\debug\model.obj
d:\pietro\blender\projects\uni\informatica grafica\progetto\opengl\simpleopengltexturedloader\simpleopengltexturedloader\simpleopengltexturedloader\debug\shapeobject.obj
d:\pietro\blender\projects\uni\informatica grafica\progetto\opengl\simpleopengltexturedloader\simpleopengltexturedloader\simpleopengltexturedloader\debug\simpleopengl_loader.obj
d:\pietro\blender\projects\uni\informatica grafica\progetto\opengl\simpleopengltexturedloader\simpleopengltexturedloader\simpleopengltexturedloader\debug\spheremodel.obj
d:\pietro\blender\projects\uni\informatica grafica\progetto\opengl\simpleopengltexturedloader\simpleopengltexturedloader\simpleopengltexturedloader\debug\teststate.obj
d:\pietro\blender\projects\uni\informatica grafica\progetto\opengl\simpleopengltexturedloader\simpleopengltexturedloader\simpleopengltexturedloader\debug\timer.obj
d:\pietro\blender\projects\uni\informatica grafica\progetto\opengl\simpleopengltexturedloader\simpleopengltexturedloader\debug\simpleopengltexturedloader.pdb
d:\pietro\blender\projects\uni\informatica grafica\progetto\opengl\simpleopengltexturedloader\simpleopengltexturedloader\simpleopengltexturedloader\debug\simpleop.d64e9d0f.tlog\cl.command.1.tlog
d:\pietro\blender\projects\uni\informatica grafica\progetto\opengl\simpleopengltexturedloader\simpleopengltexturedloader\simpleopengltexturedloader\debug\simpleop.d64e9d0f.tlog\cl.read.1.tlog
d:\pietro\blender\projects\uni\informatica grafica\progetto\opengl\simpleopengltexturedloader\simpleopengltexturedloader\simpleopengltexturedloader\debug\simpleop.d64e9d0f.tlog\cl.write.1.tlog
d:\pietro\blender\projects\uni\informatica grafica\progetto\opengl\simpleopengltexturedloader\simpleopengltexturedloader\simpleopengltexturedloader\debug\simpleop.d64e9d0f.tlog\link.5216-cvtres.read.1.tlog
d:\pietro\blender\projects\uni\informatica grafica\progetto\opengl\simpleopengltexturedloader\simpleopengltexturedloader\simpleopengltexturedloader\debug\simpleop.d64e9d0f.tlog\link.5216-cvtres.write.1.tlog
d:\pietro\blender\projects\uni\informatica grafica\progetto\opengl\simpleopengltexturedloader\simpleopengltexturedloader\simpleopengltexturedloader\debug\simpleop.d64e9d0f.tlog\link.5216-rc.read.1.tlog
d:\pietro\blender\projects\uni\informatica grafica\progetto\opengl\simpleopengltexturedloader\simpleopengltexturedloader\simpleopengltexturedloader\debug\simpleop.d64e9d0f.tlog\link.5216-rc.write.1.tlog
d:\pietro\blender\projects\uni\informatica grafica\progetto\opengl\simpleopengltexturedloader\simpleopengltexturedloader\simpleopengltexturedloader\debug\simpleop.d64e9d0f.tlog\link.5216.read.1.tlog
d:\pietro\blender\projects\uni\informatica grafica\progetto\opengl\simpleopengltexturedloader\simpleopengltexturedloader\simpleopengltexturedloader\debug\simpleop.d64e9d0f.tlog\link.5216.write.1.tlog
d:\pietro\blender\projects\uni\informatica grafica\progetto\opengl\simpleopengltexturedloader\simpleopengltexturedloader\simpleopengltexturedloader\debug\simpleop.d64e9d0f.tlog\link.command.1.tlog
d:\pietro\blender\projects\uni\informatica grafica\progetto\opengl\simpleopengltexturedloader\simpleopengltexturedloader\simpleopengltexturedloader\debug\simpleop.d64e9d0f.tlog\link.read.1.tlog
d:\pietro\blender\projects\uni\informatica grafica\progetto\opengl\simpleopengltexturedloader\simpleopengltexturedloader\simpleopengltexturedloader\debug\simpleop.d64e9d0f.tlog\link.write.1.tlog
